[0.087s] Invoking command in '/home/imtne.local/nathan.delaunay/ros_space/larm-hubo/build/tutorial_pkg': CMAKE_PREFIX_PATH=${CMAKE_PREFIX_PATH}:/opt/ros/iron /usr/bin/cmake /home/imtne.local/nathan.delaunay/ros_space/larm-hubo/tutorial_pkg -DCMAKE_INSTALL_PREFIX=/home/imtne.local/nathan.delaunay/ros_space/larm-hubo/install/tutorial_pkg
[0.455s] -- The C compiler identification is GNU 11.4.0
[0.738s] -- The CXX compiler identification is GNU 11.4.0
[0.785s] -- Detecting C compiler ABI info
[1.301s] -- Detecting C compiler ABI info - done
[1.349s] -- Check for working C compiler: /usr/bin/cc - skipped
[1.352s] -- Detecting C compile features
[1.354s] -- Detecting C compile features - done
[1.396s] -- Detecting CXX compiler ABI info
[1.898s] -- Detecting CXX compiler ABI info - done
[2.039s] -- Check for working CXX compiler: /usr/bin/c++ - skipped
[2.041s] -- Detecting CXX compile features
[2.043s] -- Detecting CXX compile features - done
[2.191s] -- Found ament_cmake: 2.0.6 (/opt/ros/iron/share/ament_cmake/cmake)
[2.411s] -- Found Python3: /usr/bin/python3.10 (found version "3.10.12") found components: Interpreter 
[2.999s] -- Found ament_lint_auto: 0.14.4 (/opt/ros/iron/share/ament_lint_auto/cmake)
[3.419s] -- Added test 'lint_cmake' to check CMake code style
[3.460s] -- Added test 'xmllint' to check XML markup files
[3.549s] -- Configuring done
[3.872s] -- Generating done
[3.956s] -- Build files have been written to: /home/imtne.local/nathan.delaunay/ros_space/larm-hubo/build/tutorial_pkg
[3.968s] Invoked command in '/home/imtne.local/nathan.delaunay/ros_space/larm-hubo/build/tutorial_pkg' returned '0': CMAKE_PREFIX_PATH=${CMAKE_PREFIX_PATH}:/opt/ros/iron /usr/bin/cmake /home/imtne.local/nathan.delaunay/ros_space/larm-hubo/tutorial_pkg -DCMAKE_INSTALL_PREFIX=/home/imtne.local/nathan.delaunay/ros_space/larm-hubo/install/tutorial_pkg
[3.985s] Invoking command in '/home/imtne.local/nathan.delaunay/ros_space/larm-hubo/build/tutorial_pkg': CMAKE_PREFIX_PATH=${CMAKE_PREFIX_PATH}:/opt/ros/iron /usr/bin/cmake --build /home/imtne.local/nathan.delaunay/ros_space/larm-hubo/build/tutorial_pkg -- -j12 -l12
[4.072s] Invoked command in '/home/imtne.local/nathan.delaunay/ros_space/larm-hubo/build/tutorial_pkg' returned '0': CMAKE_PREFIX_PATH=${CMAKE_PREFIX_PATH}:/opt/ros/iron /usr/bin/cmake --build /home/imtne.local/nathan.delaunay/ros_space/larm-hubo/build/tutorial_pkg -- -j12 -l12
[4.129s] Invoking command in '/home/imtne.local/nathan.delaunay/ros_space/larm-hubo/build/tutorial_pkg': CMAKE_PREFIX_PATH=${CMAKE_PREFIX_PATH}:/opt/ros/iron /usr/bin/cmake --install /home/imtne.local/nathan.delaunay/ros_space/larm-hubo/build/tutorial_pkg
[4.148s] -- Install configuration: ""
[4.167s] -- Installing: /home/imtne.local/nathan.delaunay/ros_space/larm-hubo/install/tutorial_pkg/share/ament_index/resource_index/package_run_dependencies/tutorial_pkg
[4.199s] -- Installing: /home/imtne.local/nathan.delaunay/ros_space/larm-hubo/install/tutorial_pkg/share/ament_index/resource_index/parent_prefix_path/tutorial_pkg
[4.230s] -- Installing: /home/imtne.local/nathan.delaunay/ros_space/larm-hubo/install/tutorial_pkg/share/tutorial_pkg/environment/ament_prefix_path.sh
[4.268s] -- Installing: /home/imtne.local/nathan.delaunay/ros_space/larm-hubo/install/tutorial_pkg/share/tutorial_pkg/environment/ament_prefix_path.dsv
[4.309s] -- Installing: /home/imtne.local/nathan.delaunay/ros_space/larm-hubo/install/tutorial_pkg/share/tutorial_pkg/environment/path.sh
[4.367s] -- Installing: /home/imtne.local/nathan.delaunay/ros_space/larm-hubo/install/tutorial_pkg/share/tutorial_pkg/environment/path.dsv
[4.383s] -- Installing: /home/imtne.local/nathan.delaunay/ros_space/larm-hubo/install/tutorial_pkg/share/tutorial_pkg/local_setup.bash
[4.426s] -- Installing: /home/imtne.local/nathan.delaunay/ros_space/larm-hubo/install/tutorial_pkg/share/tutorial_pkg/local_setup.sh
[4.451s] -- Installing: /home/imtne.local/nathan.delaunay/ros_space/larm-hubo/install/tutorial_pkg/share/tutorial_pkg/local_setup.zsh
[4.496s] -- Installing: /home/imtne.local/nathan.delaunay/ros_space/larm-hubo/install/tutorial_pkg/share/tutorial_pkg/local_setup.dsv
[4.520s] -- Installing: /home/imtne.local/nathan.delaunay/ros_space/larm-hubo/install/tutorial_pkg/share/tutorial_pkg/package.dsv
[4.540s] -- Installing: /home/imtne.local/nathan.delaunay/ros_space/larm-hubo/install/tutorial_pkg/share/ament_index/resource_index/packages/tutorial_pkg
[4.574s] -- Installing: /home/imtne.local/nathan.delaunay/ros_space/larm-hubo/install/tutorial_pkg/share/tutorial_pkg/cmake/tutorial_pkgConfig.cmake
[4.596s] -- Installing: /home/imtne.local/nathan.delaunay/ros_space/larm-hubo/install/tutorial_pkg/share/tutorial_pkg/cmake/tutorial_pkgConfig-version.cmake
[4.613s] -- Installing: /home/imtne.local/nathan.delaunay/ros_space/larm-hubo/install/tutorial_pkg/share/tutorial_pkg/package.xml
[4.655s] Invoked command in '/home/imtne.local/nathan.delaunay/ros_space/larm-hubo/build/tutorial_pkg' returned '0': CMAKE_PREFIX_PATH=${CMAKE_PREFIX_PATH}:/opt/ros/iron /usr/bin/cmake --install /home/imtne.local/nathan.delaunay/ros_space/larm-hubo/build/tutorial_pkg
