-- The C compiler identification is GNU 11.4.0
-- The CXX compiler identification is GNU 11.4.0
-- Detecting C compiler ABI info
-- Detecting C compiler ABI info - done
-- Check for working C compiler: /usr/bin/cc - skipped
-- Detecting C compile features
-- Detecting C compile features - done
-- Detecting CXX compiler ABI info
-- Detecting CXX compiler ABI info - done
-- Check for working CXX compiler: /usr/bin/c++ - skipped
-- Detecting CXX compile features
-- Detecting CXX compile features - done
-- Found ament_cmake: 2.0.7 (/opt/ros/iron/share/ament_cmake/cmake)
-- Found Python3: /usr/bin/python3.10 (found version "3.10.12") found components: Interpreter 
-- Found ament_lint_auto: 0.14.4 (/opt/ros/iron/share/ament_lint_auto/cmake)
-- Added test 'lint_cmake' to check CMake code style
-- Added test 'xmllint' to check XML markup files
-- Configuring done
-- Generating done
-- Build files have been written to: /home/s2c7/ros_space/larm-hubo/build/kickoff
-- Install configuration: ""
-- Installing: /home/s2c7/ros_space/larm-hubo/install/kickoff/share/ament_index/resource_index/package_run_dependencies/kickoff
-- Installing: /home/s2c7/ros_space/larm-hubo/install/kickoff/share/ament_index/resource_index/parent_prefix_path/kickoff
-- Installing: /home/s2c7/ros_space/larm-hubo/install/kickoff/share/kickoff/environment/ament_prefix_path.sh
-- Installing: /home/s2c7/ros_space/larm-hubo/install/kickoff/share/kickoff/environment/ament_prefix_path.dsv
-- Installing: /home/s2c7/ros_space/larm-hubo/install/kickoff/share/kickoff/environment/path.sh
-- Installing: /home/s2c7/ros_space/larm-hubo/install/kickoff/share/kickoff/environment/path.dsv
-- Installing: /home/s2c7/ros_space/larm-hubo/install/kickoff/share/kickoff/local_setup.bash
-- Installing: /home/s2c7/ros_space/larm-hubo/install/kickoff/share/kickoff/local_setup.sh
-- Installing: /home/s2c7/ros_space/larm-hubo/install/kickoff/share/kickoff/local_setup.zsh
-- Installing: /home/s2c7/ros_space/larm-hubo/install/kickoff/share/kickoff/local_setup.dsv
-- Installing: /home/s2c7/ros_space/larm-hubo/install/kickoff/share/kickoff/package.dsv
-- Installing: /home/s2c7/ros_space/larm-hubo/install/kickoff/share/ament_index/resource_index/packages/kickoff
-- Installing: /home/s2c7/ros_space/larm-hubo/install/kickoff/share/kickoff/cmake/kickoffConfig.cmake
-- Installing: /home/s2c7/ros_space/larm-hubo/install/kickoff/share/kickoff/cmake/kickoffConfig-version.cmake
-- Installing: /home/s2c7/ros_space/larm-hubo/install/kickoff/share/kickoff/package.xml
