[0.011s] Invoking command in '/home/s2c7/ros_space/larm-hubo/build/kickoff': CMAKE_PREFIX_PATH=${CMAKE_PREFIX_PATH}:/opt/ros/iron /usr/bin/cmake /home/s2c7/ros_space/larm-hubo/kickoff -DCMAKE_INSTALL_PREFIX=/home/s2c7/ros_space/larm-hubo/install/kickoff
[0.069s] -- The C compiler identification is GNU 11.4.0
[0.128s] -- The CXX compiler identification is GNU 11.4.0
[0.136s] -- Detecting C compiler ABI info
[0.209s] -- Detecting C compiler ABI info - done
[0.217s] -- Check for working C compiler: /usr/bin/cc - skipped
[0.217s] -- Detecting C compile features
[0.217s] -- Detecting C compile features - done
[0.220s] -- Detecting CXX compiler ABI info
[0.303s] -- Detecting CXX compiler ABI info - done
[0.311s] -- Check for working CXX compiler: /usr/bin/c++ - skipped
[0.311s] -- Detecting CXX compile features
[0.311s] -- Detecting CXX compile features - done
[0.314s] -- Found ament_cmake: 2.0.7 (/opt/ros/iron/share/ament_cmake/cmake)
[0.482s] -- Found Python3: /usr/bin/python3.10 (found version "3.10.12") found components: Interpreter 
[0.571s] -- Found ament_lint_auto: 0.14.4 (/opt/ros/iron/share/ament_lint_auto/cmake)
[0.648s] -- Added test 'lint_cmake' to check CMake code style
[0.649s] -- Added test 'xmllint' to check XML markup files
[0.650s] -- Configuring done
[0.653s] -- Generating done
[0.655s] -- Build files have been written to: /home/s2c7/ros_space/larm-hubo/build/kickoff
[0.659s] Invoked command in '/home/s2c7/ros_space/larm-hubo/build/kickoff' returned '0': CMAKE_PREFIX_PATH=${CMAKE_PREFIX_PATH}:/opt/ros/iron /usr/bin/cmake /home/s2c7/ros_space/larm-hubo/kickoff -DCMAKE_INSTALL_PREFIX=/home/s2c7/ros_space/larm-hubo/install/kickoff
[0.661s] Invoking command in '/home/s2c7/ros_space/larm-hubo/build/kickoff': CMAKE_PREFIX_PATH=${CMAKE_PREFIX_PATH}:/opt/ros/iron /usr/bin/cmake --build /home/s2c7/ros_space/larm-hubo/build/kickoff -- -j8 -l8
[0.699s] Invoked command in '/home/s2c7/ros_space/larm-hubo/build/kickoff' returned '0': CMAKE_PREFIX_PATH=${CMAKE_PREFIX_PATH}:/opt/ros/iron /usr/bin/cmake --build /home/s2c7/ros_space/larm-hubo/build/kickoff -- -j8 -l8
[0.710s] Invoking command in '/home/s2c7/ros_space/larm-hubo/build/kickoff': CMAKE_PREFIX_PATH=${CMAKE_PREFIX_PATH}:/opt/ros/iron /usr/bin/cmake --install /home/s2c7/ros_space/larm-hubo/build/kickoff
[0.718s] -- Install configuration: ""
[0.718s] -- Installing: /home/s2c7/ros_space/larm-hubo/install/kickoff/share/ament_index/resource_index/package_run_dependencies/kickoff
[0.718s] -- Installing: /home/s2c7/ros_space/larm-hubo/install/kickoff/share/ament_index/resource_index/parent_prefix_path/kickoff
[0.718s] -- Installing: /home/s2c7/ros_space/larm-hubo/install/kickoff/share/kickoff/environment/ament_prefix_path.sh
[0.718s] -- Installing: /home/s2c7/ros_space/larm-hubo/install/kickoff/share/kickoff/environment/ament_prefix_path.dsv
[0.719s] -- Installing: /home/s2c7/ros_space/larm-hubo/install/kickoff/share/kickoff/environment/path.sh
[0.719s] -- Installing: /home/s2c7/ros_space/larm-hubo/install/kickoff/share/kickoff/environment/path.dsv
[0.719s] -- Installing: /home/s2c7/ros_space/larm-hubo/install/kickoff/share/kickoff/local_setup.bash
[0.719s] -- Installing: /home/s2c7/ros_space/larm-hubo/install/kickoff/share/kickoff/local_setup.sh
[0.719s] -- Installing: /home/s2c7/ros_space/larm-hubo/install/kickoff/share/kickoff/local_setup.zsh
[0.719s] -- Installing: /home/s2c7/ros_space/larm-hubo/install/kickoff/share/kickoff/local_setup.dsv
[0.720s] -- Installing: /home/s2c7/ros_space/larm-hubo/install/kickoff/share/kickoff/package.dsv
[0.720s] -- Installing: /home/s2c7/ros_space/larm-hubo/install/kickoff/share/ament_index/resource_index/packages/kickoff
[0.720s] -- Installing: /home/s2c7/ros_space/larm-hubo/install/kickoff/share/kickoff/cmake/kickoffConfig.cmake
[0.720s] -- Installing: /home/s2c7/ros_space/larm-hubo/install/kickoff/share/kickoff/cmake/kickoffConfig-version.cmake
[0.720s] -- Installing: /home/s2c7/ros_space/larm-hubo/install/kickoff/share/kickoff/package.xml
[0.722s] Invoked command in '/home/s2c7/ros_space/larm-hubo/build/kickoff' returned '0': CMAKE_PREFIX_PATH=${CMAKE_PREFIX_PATH}:/opt/ros/iron /usr/bin/cmake --install /home/s2c7/ros_space/larm-hubo/build/kickoff
