[0.111s] DEBUG:colcon:Command line arguments: ['/usr/bin/colcon', 'build']
[0.111s] DEBUG:colcon:Parsed command line arguments: Namespace(log_base=None, log_level=None, verb_name='build', build_base='build', install_base='install', merge_install=False, symlink_install=False, test_result_base=None, continue_on_error=False, executor='parallel', parallel_workers=8, event_handlers=None, ignore_user_meta=False, metas=['./colcon.meta'], base_paths=['.'], packages_ignore=None, packages_ignore_regex=None, paths=None, packages_up_to=None, packages_up_to_regex=None, packages_above=None, packages_above_and_dependencies=None, packages_above_depth=None, packages_select_by_dep=None, packages_skip_by_dep=None, packages_skip_up_to=None, packages_select_build_failed=False, packages_skip_build_finished=False, packages_select_test_failures=False, packages_skip_test_passed=False, packages_select=None, packages_skip=None, packages_select_regex=None, packages_skip_regex=None, packages_start=None, packages_end=None, allow_overriding=[], cmake_args=None, cmake_target=None, cmake_target_skip_unavailable=False, cmake_clean_cache=False, cmake_clean_first=False, cmake_force_configure=False, ament_cmake_args=None, catkin_cmake_args=None, catkin_skip_building_tests=False, mixin_files=None, mixin=None, verb_parser=<colcon_mixin.mixin.mixin_argument.MixinArgumentDecorator object at 0x7e23d7978130>, verb_extension=<colcon_core.verb.build.BuildVerb object at 0x7e23d793fc40>, main=<bound method BuildVerb.main of <colcon_core.verb.build.BuildVerb object at 0x7e23d793fc40>>, mixin_verb=('build',))
[0.316s] Level 1:colcon.colcon_core.package_discovery:discover_packages(colcon_meta) check parameters
[0.316s] Level 1:colcon.colcon_core.package_discovery:discover_packages(recursive) check parameters
[0.316s] Level 1:colcon.colcon_core.package_discovery:discover_packages(ignore) check parameters
[0.316s] Level 1:colcon.colcon_core.package_discovery:discover_packages(path) check parameters
[0.316s] Level 1:colcon.colcon_core.package_discovery:discover_packages(colcon_meta) discover
[0.316s] Level 1:colcon.colcon_core.package_discovery:discover_packages(recursive) discover
[0.316s] INFO:colcon.colcon_core.package_discovery:Crawling recursively for packages in '/home/s2c7/ros_space/larm-hubo'
[0.316s] Level 1:colcon.colcon_core.package_identification:_identify(.) by extensions ['ignore', 'ignore_ament_install']
[0.316s] Level 1:colcon.colcon_core.package_identification:_identify(.) by extension 'ignore'
[0.316s] Level 1:colcon.colcon_core.package_identification:_identify(.) by extension 'ignore_ament_install'
[0.316s] Level 1:colcon.colcon_core.package_identification:_identify(.) by extensions ['colcon_pkg']
[0.316s] Level 1:colcon.colcon_core.package_identification:_identify(.) by extension 'colcon_pkg'
[0.316s] Level 1:colcon.colcon_core.package_identification:_identify(.) by extensions ['colcon_meta']
[0.316s] Level 1:colcon.colcon_core.package_identification:_identify(.) by extension 'colcon_meta'
[0.316s] Level 1:colcon.colcon_core.package_identification:_identify(.) by extensions ['ros']
[0.316s] Level 1:colcon.colcon_core.package_identification:_identify(.) by extension 'ros'
[0.327s] Level 1:colcon.colcon_core.package_identification:_identify(.) by extensions ['cmake', 'python']
[0.327s] Level 1:colcon.colcon_core.package_identification:_identify(.) by extension 'cmake'
[0.327s] Level 1:colcon.colcon_core.package_identification:_identify(.) by extension 'python'
[0.327s] Level 1:colcon.colcon_core.package_identification:_identify(.) by extensions ['python_setup_py']
[0.327s] Level 1:colcon.colcon_core.package_identification:_identify(.) by extension 'python_setup_py'
[0.327s] Level 1:colcon.colcon_core.package_identification:_identify(build) by extensions ['ignore', 'ignore_ament_install']
[0.327s] Level 1:colcon.colcon_core.package_identification:_identify(build) by extension 'ignore'
[0.328s] Level 1:colcon.colcon_core.package_identification:_identify(build) ignored
[0.328s] Level 1:colcon.colcon_core.package_identification:_identify(install) by extensions ['ignore', 'ignore_ament_install']
[0.328s] Level 1:colcon.colcon_core.package_identification:_identify(install) by extension 'ignore'
[0.328s] Level 1:colcon.colcon_core.package_identification:_identify(install) ignored
[0.328s] Level 1:colcon.colcon_core.package_identification:_identify(kickoff) by extensions ['ignore', 'ignore_ament_install']
[0.328s] Level 1:colcon.colcon_core.package_identification:_identify(kickoff) by extension 'ignore'
[0.328s] Level 1:colcon.colcon_core.package_identification:_identify(kickoff) by extension 'ignore_ament_install'
[0.328s] Level 1:colcon.colcon_core.package_identification:_identify(kickoff) by extensions ['colcon_pkg']
[0.328s] Level 1:colcon.colcon_core.package_identification:_identify(kickoff) by extension 'colcon_pkg'
[0.328s] Level 1:colcon.colcon_core.package_identification:_identify(kickoff) by extensions ['colcon_meta']
[0.328s] Level 1:colcon.colcon_core.package_identification:_identify(kickoff) by extension 'colcon_meta'
[0.328s] Level 1:colcon.colcon_core.package_identification:_identify(kickoff) by extensions ['ros']
[0.328s] Level 1:colcon.colcon_core.package_identification:_identify(kickoff) by extension 'ros'
[0.338s] DEBUG:colcon.colcon_core.package_identification:Package 'kickoff' with type 'ros.ament_cmake' and name 'kickoff'
[0.338s] Level 1:colcon.colcon_core.package_identification:_identify(log) by extensions ['ignore', 'ignore_ament_install']
[0.338s] Level 1:colcon.colcon_core.package_identification:_identify(log) by extension 'ignore'
[0.338s] Level 1:colcon.colcon_core.package_identification:_identify(log) ignored
[0.338s] Level 1:colcon.colcon_core.package_discovery:discover_packages(recursive) using defaults
[0.338s] Level 1:colcon.colcon_core.package_discovery:discover_packages(ignore) discover
[0.338s] Level 1:colcon.colcon_core.package_discovery:discover_packages(ignore) using defaults
[0.338s] Level 1:colcon.colcon_core.package_discovery:discover_packages(path) discover
[0.338s] Level 1:colcon.colcon_core.package_discovery:discover_packages(path) using defaults
[0.356s] Level 1:colcon.colcon_core.package_discovery:discover_packages(prefix_path) check parameters
[0.356s] Level 1:colcon.colcon_core.package_discovery:discover_packages(prefix_path) discover
[0.357s] DEBUG:colcon.colcon_installed_package_information.package_discovery:Found 3 installed packages in /home/s2c7/ros_space/install
[0.359s] DEBUG:colcon.colcon_installed_package_information.package_discovery:Found 342 installed packages in /opt/ros/iron
[0.361s] Level 1:colcon.colcon_core.package_discovery:discover_packages(prefix_path) using defaults
[0.406s] Level 5:colcon.colcon_core.verb:set package 'kickoff' build argument 'cmake_args' from command line to 'None'
[0.406s] Level 5:colcon.colcon_core.verb:set package 'kickoff' build argument 'cmake_target' from command line to 'None'
[0.406s] Level 5:colcon.colcon_core.verb:set package 'kickoff' build argument 'cmake_target_skip_unavailable' from command line to 'False'
[0.406s] Level 5:colcon.colcon_core.verb:set package 'kickoff' build argument 'cmake_clean_cache' from command line to 'False'
[0.406s] Level 5:colcon.colcon_core.verb:set package 'kickoff' build argument 'cmake_clean_first' from command line to 'False'
[0.406s] Level 5:colcon.colcon_core.verb:set package 'kickoff' build argument 'cmake_force_configure' from command line to 'False'
[0.406s] Level 5:colcon.colcon_core.verb:set package 'kickoff' build argument 'ament_cmake_args' from command line to 'None'
[0.406s] Level 5:colcon.colcon_core.verb:set package 'kickoff' build argument 'catkin_cmake_args' from command line to 'None'
[0.406s] Level 5:colcon.colcon_core.verb:set package 'kickoff' build argument 'catkin_skip_building_tests' from command line to 'False'
[0.406s] DEBUG:colcon.colcon_core.verb:Building package 'kickoff' with the following arguments: {'ament_cmake_args': None, 'build_base': '/home/s2c7/ros_space/larm-hubo/build/kickoff', 'catkin_cmake_args': None, 'catkin_skip_building_tests': False, 'cmake_args': None, 'cmake_clean_cache': False, 'cmake_clean_first': False, 'cmake_force_configure': False, 'cmake_target': None, 'cmake_target_skip_unavailable': False, 'install_base': '/home/s2c7/ros_space/larm-hubo/install/kickoff', 'merge_install': False, 'path': '/home/s2c7/ros_space/larm-hubo/kickoff', 'symlink_install': False, 'test_result_base': None}
[0.406s] INFO:colcon.colcon_core.executor:Executing jobs using 'parallel' executor
[0.407s] DEBUG:colcon.colcon_parallel_executor.executor.parallel:run_until_complete
[0.408s] INFO:colcon.colcon_ros.task.ament_cmake.build:Building ROS package in '/home/s2c7/ros_space/larm-hubo/kickoff' with build type 'ament_cmake'
[0.408s] INFO:colcon.colcon_cmake.task.cmake.build:Building CMake package in '/home/s2c7/ros_space/larm-hubo/kickoff'
[0.410s] INFO:colcon.colcon_core.plugin_system:Skipping extension 'colcon_core.shell.bat': Not used on non-Windows systems
[0.410s] INFO:colcon.colcon_core.shell:Skip shell extension 'powershell' for command environment: Not usable outside of PowerShell
[0.410s] DEBUG:colcon.colcon_core.shell:Skip shell extension 'dsv' for command environment
[0.419s] DEBUG:colcon.colcon_core.event_handler.log_command:Invoking command in '/home/s2c7/ros_space/larm-hubo/build/kickoff': CMAKE_PREFIX_PATH=${CMAKE_PREFIX_PATH}:/opt/ros/iron /usr/bin/cmake /home/s2c7/ros_space/larm-hubo/kickoff -DCMAKE_INSTALL_PREFIX=/home/s2c7/ros_space/larm-hubo/install/kickoff
[1.067s] DEBUG:colcon.colcon_core.event_handler.log_command:Invoked command in '/home/s2c7/ros_space/larm-hubo/build/kickoff' returned '0': CMAKE_PREFIX_PATH=${CMAKE_PREFIX_PATH}:/opt/ros/iron /usr/bin/cmake /home/s2c7/ros_space/larm-hubo/kickoff -DCMAKE_INSTALL_PREFIX=/home/s2c7/ros_space/larm-hubo/install/kickoff
[1.069s] DEBUG:colcon.colcon_core.event_handler.log_command:Invoking command in '/home/s2c7/ros_space/larm-hubo/build/kickoff': CMAKE_PREFIX_PATH=${CMAKE_PREFIX_PATH}:/opt/ros/iron /usr/bin/cmake --build /home/s2c7/ros_space/larm-hubo/build/kickoff -- -j8 -l8
[1.108s] DEBUG:colcon.colcon_core.event_handler.log_command:Invoked command in '/home/s2c7/ros_space/larm-hubo/build/kickoff' returned '0': CMAKE_PREFIX_PATH=${CMAKE_PREFIX_PATH}:/opt/ros/iron /usr/bin/cmake --build /home/s2c7/ros_space/larm-hubo/build/kickoff -- -j8 -l8
[1.118s] DEBUG:colcon.colcon_core.event_handler.log_command:Invoking command in '/home/s2c7/ros_space/larm-hubo/build/kickoff': CMAKE_PREFIX_PATH=${CMAKE_PREFIX_PATH}:/opt/ros/iron /usr/bin/cmake --install /home/s2c7/ros_space/larm-hubo/build/kickoff
[1.130s] Level 1:colcon.colcon_core.environment:create_environment_scripts_only(kickoff)
[1.131s] DEBUG:colcon.colcon_core.event_handler.log_command:Invoked command in '/home/s2c7/ros_space/larm-hubo/build/kickoff' returned '0': CMAKE_PREFIX_PATH=${CMAKE_PREFIX_PATH}:/opt/ros/iron /usr/bin/cmake --install /home/s2c7/ros_space/larm-hubo/build/kickoff
[1.133s] Level 1:colcon.colcon_core.environment:checking '/home/s2c7/ros_space/larm-hubo/install/kickoff' for CMake module files
[1.133s] Level 1:colcon.colcon_core.environment:checking '/home/s2c7/ros_space/larm-hubo/install/kickoff' for CMake config files
[1.133s] Level 1:colcon.colcon_core.shell:create_environment_hook('kickoff', 'cmake_prefix_path')
[1.134s] INFO:colcon.colcon_core.shell:Creating environment hook '/home/s2c7/ros_space/larm-hubo/install/kickoff/share/kickoff/hook/cmake_prefix_path.ps1'
[1.134s] INFO:colcon.colcon_core.shell:Creating environment descriptor '/home/s2c7/ros_space/larm-hubo/install/kickoff/share/kickoff/hook/cmake_prefix_path.dsv'
[1.135s] INFO:colcon.colcon_core.shell:Creating environment hook '/home/s2c7/ros_space/larm-hubo/install/kickoff/share/kickoff/hook/cmake_prefix_path.sh'
[1.136s] Level 1:colcon.colcon_core.environment:checking '/home/s2c7/ros_space/larm-hubo/install/kickoff/bin'
[1.136s] Level 1:colcon.colcon_core.environment:checking '/home/s2c7/ros_space/larm-hubo/install/kickoff/lib/pkgconfig/kickoff.pc'
[1.136s] Level 1:colcon.colcon_core.environment:checking '/home/s2c7/ros_space/larm-hubo/install/kickoff/lib/python3.10/site-packages'
[1.136s] Level 1:colcon.colcon_core.environment:checking '/home/s2c7/ros_space/larm-hubo/install/kickoff/bin'
[1.137s] INFO:colcon.colcon_core.shell:Creating package script '/home/s2c7/ros_space/larm-hubo/install/kickoff/share/kickoff/package.ps1'
[1.137s] INFO:colcon.colcon_core.shell:Creating package descriptor '/home/s2c7/ros_space/larm-hubo/install/kickoff/share/kickoff/package.dsv'
[1.138s] INFO:colcon.colcon_core.shell:Creating package script '/home/s2c7/ros_space/larm-hubo/install/kickoff/share/kickoff/package.sh'
[1.139s] INFO:colcon.colcon_core.shell:Creating package script '/home/s2c7/ros_space/larm-hubo/install/kickoff/share/kickoff/package.bash'
[1.139s] INFO:colcon.colcon_core.shell:Creating package script '/home/s2c7/ros_space/larm-hubo/install/kickoff/share/kickoff/package.zsh'
[1.140s] Level 1:colcon.colcon_core.environment:create_file_with_runtime_dependencies(/home/s2c7/ros_space/larm-hubo/install/kickoff/share/colcon-core/packages/kickoff)
[1.141s] Level 1:colcon.colcon_core.environment:create_environment_scripts_only(kickoff)
[1.141s] Level 1:colcon.colcon_core.environment:checking '/home/s2c7/ros_space/larm-hubo/install/kickoff' for CMake module files
[1.141s] Level 1:colcon.colcon_core.environment:checking '/home/s2c7/ros_space/larm-hubo/install/kickoff' for CMake config files
[1.142s] Level 1:colcon.colcon_core.shell:create_environment_hook('kickoff', 'cmake_prefix_path')
[1.142s] INFO:colcon.colcon_core.shell:Creating environment hook '/home/s2c7/ros_space/larm-hubo/install/kickoff/share/kickoff/hook/cmake_prefix_path.ps1'
[1.142s] INFO:colcon.colcon_core.shell:Creating environment descriptor '/home/s2c7/ros_space/larm-hubo/install/kickoff/share/kickoff/hook/cmake_prefix_path.dsv'
[1.143s] INFO:colcon.colcon_core.shell:Creating environment hook '/home/s2c7/ros_space/larm-hubo/install/kickoff/share/kickoff/hook/cmake_prefix_path.sh'
[1.143s] Level 1:colcon.colcon_core.environment:checking '/home/s2c7/ros_space/larm-hubo/install/kickoff/bin'
[1.143s] Level 1:colcon.colcon_core.environment:checking '/home/s2c7/ros_space/larm-hubo/install/kickoff/lib/pkgconfig/kickoff.pc'
[1.144s] Level 1:colcon.colcon_core.environment:checking '/home/s2c7/ros_space/larm-hubo/install/kickoff/lib/python3.10/site-packages'
[1.144s] Level 1:colcon.colcon_core.environment:checking '/home/s2c7/ros_space/larm-hubo/install/kickoff/bin'
[1.144s] INFO:colcon.colcon_core.shell:Creating package script '/home/s2c7/ros_space/larm-hubo/install/kickoff/share/kickoff/package.ps1'
[1.145s] INFO:colcon.colcon_core.shell:Creating package descriptor '/home/s2c7/ros_space/larm-hubo/install/kickoff/share/kickoff/package.dsv'
[1.145s] INFO:colcon.colcon_core.shell:Creating package script '/home/s2c7/ros_space/larm-hubo/install/kickoff/share/kickoff/package.sh'
[1.146s] INFO:colcon.colcon_core.shell:Creating package script '/home/s2c7/ros_space/larm-hubo/install/kickoff/share/kickoff/package.bash'
[1.146s] INFO:colcon.colcon_core.shell:Creating package script '/home/s2c7/ros_space/larm-hubo/install/kickoff/share/kickoff/package.zsh'
[1.147s] Level 1:colcon.colcon_core.environment:create_file_with_runtime_dependencies(/home/s2c7/ros_space/larm-hubo/install/kickoff/share/colcon-core/packages/kickoff)
[1.147s] DEBUG:colcon.colcon_parallel_executor.executor.parallel:closing loop
[1.147s] DEBUG:colcon.colcon_parallel_executor.executor.parallel:loop closed
[1.147s] DEBUG:colcon.colcon_parallel_executor.executor.parallel:run_until_complete finished with '0'
[1.147s] DEBUG:colcon.colcon_core.event_reactor:joining thread
[1.153s] INFO:colcon.colcon_core.plugin_system:Skipping extension 'colcon_notification.desktop_notification.notify_send': Could not find 'notify-send'
[1.153s] INFO:colcon.colcon_core.plugin_system:Skipping extension 'colcon_notification.desktop_notification.terminal_notifier': Not used on non-Darwin systems
[1.153s] INFO:colcon.colcon_core.plugin_system:Skipping extension 'colcon_notification.desktop_notification.win32': Not used on non-Windows systems
[1.153s] INFO:colcon.colcon_notification.desktop_notification:Sending desktop notification using 'notify2'
[1.165s] DEBUG:colcon.colcon_core.event_reactor:joined thread
[1.165s] INFO:colcon.colcon_core.shell:Creating prefix script '/home/s2c7/ros_space/larm-hubo/install/local_setup.ps1'
[1.166s] INFO:colcon.colcon_core.shell:Creating prefix util module '/home/s2c7/ros_space/larm-hubo/install/_local_setup_util_ps1.py'
[1.168s] INFO:colcon.colcon_core.shell:Creating prefix chain script '/home/s2c7/ros_space/larm-hubo/install/setup.ps1'
[1.169s] INFO:colcon.colcon_core.shell:Creating prefix script '/home/s2c7/ros_space/larm-hubo/install/local_setup.sh'
[1.170s] INFO:colcon.colcon_core.shell:Creating prefix util module '/home/s2c7/ros_space/larm-hubo/install/_local_setup_util_sh.py'
[1.170s] INFO:colcon.colcon_core.shell:Creating prefix chain script '/home/s2c7/ros_space/larm-hubo/install/setup.sh'
[1.172s] INFO:colcon.colcon_core.shell:Creating prefix script '/home/s2c7/ros_space/larm-hubo/install/local_setup.bash'
[1.173s] INFO:colcon.colcon_core.shell:Creating prefix chain script '/home/s2c7/ros_space/larm-hubo/install/setup.bash'
[1.174s] INFO:colcon.colcon_core.shell:Creating prefix script '/home/s2c7/ros_space/larm-hubo/install/local_setup.zsh'
[1.174s] INFO:colcon.colcon_core.shell:Creating prefix chain script '/home/s2c7/ros_space/larm-hubo/install/setup.zsh'
