[0.012s] Invoking command in '/home/s2c7/ros_space/larm-hubo/build/kickoff': CMAKE_PREFIX_PATH=${CMAKE_PREFIX_PATH}:/opt/ros/iron /usr/bin/cmake --build /home/s2c7/ros_space/larm-hubo/build/kickoff -- -j8 -l8
[0.051s] Invoked command in '/home/s2c7/ros_space/larm-hubo/build/kickoff' returned '0': CMAKE_PREFIX_PATH=${CMAKE_PREFIX_PATH}:/opt/ros/iron /usr/bin/cmake --build /home/s2c7/ros_space/larm-hubo/build/kickoff -- -j8 -l8
[0.062s] Invoking command in '/home/s2c7/ros_space/larm-hubo/build/kickoff': CMAKE_PREFIX_PATH=${CMAKE_PREFIX_PATH}:/opt/ros/iron /usr/bin/cmake --install /home/s2c7/ros_space/larm-hubo/build/kickoff
[0.070s] -- Install configuration: ""
[0.070s] -- Up-to-date: /home/s2c7/ros_space/larm-hubo/install/kickoff/share/ament_index/resource_index/package_run_dependencies/kickoff
[0.070s] -- Up-to-date: /home/s2c7/ros_space/larm-hubo/install/kickoff/share/ament_index/resource_index/parent_prefix_path/kickoff
[0.070s] -- Up-to-date: /home/s2c7/ros_space/larm-hubo/install/kickoff/share/kickoff/environment/ament_prefix_path.sh
[0.070s] -- Up-to-date: /home/s2c7/ros_space/larm-hubo/install/kickoff/share/kickoff/environment/ament_prefix_path.dsv
[0.071s] -- Up-to-date: /home/s2c7/ros_space/larm-hubo/install/kickoff/share/kickoff/environment/path.sh
[0.071s] -- Up-to-date: /home/s2c7/ros_space/larm-hubo/install/kickoff/share/kickoff/environment/path.dsv
[0.071s] -- Up-to-date: /home/s2c7/ros_space/larm-hubo/install/kickoff/share/kickoff/local_setup.bash
[0.071s] -- Up-to-date: /home/s2c7/ros_space/larm-hubo/install/kickoff/share/kickoff/local_setup.sh
[0.071s] -- Up-to-date: /home/s2c7/ros_space/larm-hubo/install/kickoff/share/kickoff/local_setup.zsh
[0.071s] -- Up-to-date: /home/s2c7/ros_space/larm-hubo/install/kickoff/share/kickoff/local_setup.dsv
[0.071s] -- Installing: /home/s2c7/ros_space/larm-hubo/install/kickoff/share/kickoff/package.dsv
[0.071s] -- Up-to-date: /home/s2c7/ros_space/larm-hubo/install/kickoff/share/ament_index/resource_index/packages/kickoff
[0.071s] -- Up-to-date: /home/s2c7/ros_space/larm-hubo/install/kickoff/share/kickoff/cmake/kickoffConfig.cmake
[0.072s] -- Up-to-date: /home/s2c7/ros_space/larm-hubo/install/kickoff/share/kickoff/cmake/kickoffConfig-version.cmake
[0.072s] -- Up-to-date: /home/s2c7/ros_space/larm-hubo/install/kickoff/share/kickoff/package.xml
[0.073s] Invoked command in '/home/s2c7/ros_space/larm-hubo/build/kickoff' returned '0': CMAKE_PREFIX_PATH=${CMAKE_PREFIX_PATH}:/opt/ros/iron /usr/bin/cmake --install /home/s2c7/ros_space/larm-hubo/build/kickoff
